<?xml version="1.0" encoding="UTF-8"?>
<testsuites name="TS_9_Handle Frames" time="24.238" tests="1" failures="0" errors="0">
   <testsuite name="TS_9_Handle Frames" tests="1" failures="0" errors="0" time="24.238" skipped="0" timestamp="2021-11-13 14:13:29" hostname="BADHAN - BADHAN-PC" id="Test Suites/TS_9_Handle Frames">
      <properties>
         <property name="deviceName" value=""/>
         <property name="devicePlatform" value=""/>
         <property name="logFolder" value="C:\\Users\\BADHAN\\git\\Katalon Learning Project\\Reports\\20211113_141314\\TS_9_Handle Frames\\20211113_141314"/>
         <property name="logFiles" value="C:\\Users\\BADHAN\\git\\Katalon Learning Project\\Reports\\20211113_141314\\TS_9_Handle Frames\\20211113_141314\\execution0.log"/>
         <property name="attachments" value=""/>
         <property name="hostName" value="BADHAN - BADHAN-PC"/>
         <property name="os" value="Windows 10 64bit"/>
         <property name="katalonVersion" value="8.1.0.208"/>
         <property name="browser" value="Chrome 95.0.4638.69"/>
         <property name="hostAddress" value="192.168.0.101"/>
         <property name="sessionId" value="96463a2f6e174cace9fef4541b0f2bff"/>
         <property name="seleniumVersion" value="3.141.59"/>
         <property name="proxyInformation" value="ProxyInformation { proxyOption=NO_PROXY, proxyServerType=HTTP, username=, password=********, proxyServerAddress=, proxyServerPort=0, executionList=&quot;&quot;, isApplyToDesiredCapabilities=true }"/>
         <property name="platform" value="Windows 10"/>
      </properties>
      <testcase name="Test Cases/TC_16_Handle Frames" time="11.23" classname="Test Cases/TC_16_Handle Frames" status="PASSED">
         <system-out><![CDATA[2021-11-13 14:13:30 - [TEST_CASE][PASSED] - Test Cases/TC_16_Handle Frames: Test Cases/TC_16_Handle Frames

2021-11-13 14:13:31 - [TEST_STEP][PASSED] - openBrowser(""): Browser is opened with url: ''

2021-11-13 14:13:32 - [MESSAGE][INFO] - Starting 'Chrome' driver

2021-11-13 14:13:32 - [MESSAGE][INFO] - Action delay is set to 0 milliseconds

2021-11-13 14:13:36 - [MESSAGE][PASSED] - Browser is opened with url: ''

2021-11-13 14:13:36 - [TEST_STEP][PASSED] - navigateToUrl("https://www.selenium.dev/selenium/docs/api/java/index.html?overview-summary.html"): Navigate to 'https://www.selenium.dev/selenium/docs/api/java/index.html?overview-summary.html' successfully

2021-11-13 14:13:39 - [MESSAGE][PASSED] - Navigate to 'https://www.selenium.dev/selenium/docs/api/java/index.html?overview-summary.html' successfully

2021-11-13 14:13:39 - [TEST_STEP][PASSED] - maximizeWindow(): Current window maximized

2021-11-13 14:13:39 - [MESSAGE][PASSED] - Current window maximized

2021-11-13 14:13:39 - [TEST_STEP][PASSED] - switchToFrame(findTestObject("OR_12_Handle Frames/Page_Overview/iframe_Capture object_packageListFrame"), 2): null

2021-11-13 14:13:39 - [TEST_STEP][PASSED] - click(findTestObject("OR_12_Handle Frames/Page_Overview/a_org.openqa.selenium")): Object: 'Object Repository/OR_12_Handle Frames/Page_Overview/a_org.openqa.selenium' is clicked on

2021-11-13 14:13:40 - [MESSAGE][PASSED] - Object: 'Object Repository/OR_12_Handle Frames/Page_Overview/a_org.openqa.selenium' is clicked on

2021-11-13 14:13:40 - [TEST_STEP][PASSED] - closeBrowser(): Browser is closed

2021-11-13 14:13:41 - [MESSAGE][PASSED] - Browser is closed]]></system-out>
         <system-err><![CDATA[]]></system-err>
      </testcase>
      <system-out><![CDATA[2021-11-13 14:13:29 - [TEST_SUITE][PASSED] - TS_9_Handle Frames: Test Cases/TC_16_Handle Frames]]></system-out>
      <system-err><![CDATA[]]></system-err>
   </testsuite>
</testsuites>
