<?xml version="1.0" encoding="UTF-8"?>
<testsuites name="TS_5_Data Driven Testing_Test Suite Level" time="114.674" tests="5" failures="0" errors="0">
   <testsuite name="TS_5_Data Driven Testing_Test Suite Level" tests="5" failures="0" errors="0" time="114.674" skipped="0" timestamp="2021-11-09 18:03:36" hostname="BADHAN - BADHAN-PC" id="Test Suites/TS_5_Data Driven Testing_Test Suite Level">
      <properties>
         <property name="deviceName" value=""/>
         <property name="devicePlatform" value=""/>
         <property name="logFolder" value="C:\\Users\\BADHAN\\git\\KatalonLearningProject\\Reports\\20211109_180317\\TS_5_Data Driven Testing_Test Suite Level\\20211109_180331"/>
         <property name="logFiles" value="C:\\Users\\BADHAN\\git\\KatalonLearningProject\\Reports\\20211109_180317\\TS_5_Data Driven Testing_Test Suite Level\\20211109_180331\\execution0.log"/>
         <property name="attachments" value=""/>
         <property name="hostName" value="BADHAN - BADHAN-PC"/>
         <property name="os" value="Windows 10 64bit"/>
         <property name="katalonVersion" value="8.1.0.208"/>
         <property name="browser" value="Chrome 95.0.4638.69"/>
         <property name="hostAddress" value="192.168.0.101"/>
         <property name="sessionId" value="bf21d0d6abef1b8d4fbefde3470b8903"/>
         <property name="seleniumVersion" value="3.141.59"/>
         <property name="proxyInformation" value="ProxyInformation { proxyOption=NO_PROXY, proxyServerType=HTTP, username=, password=********, proxyServerAddress=, proxyServerPort=0, executionList=&quot;&quot;, isApplyToDesiredCapabilities=true }"/>
         <property name="platform" value="Windows 10"/>
      </properties>
      <testcase name="Test Cases/TC_10_Data Driven Testing_Test Suite Level" time="27.316" classname="Test Cases/TC_10_Data Driven Testing_Test Suite Level" status="PASSED">
         <system-out><![CDATA[2021-11-09 18:03:37 - [TEST_CASE][PASSED] - Test Cases/TC_10_Data Driven Testing_Test Suite Level: Test Cases/TC_10_Data Driven Testing_Test Suite Level

2021-11-09 18:03:37 - [TEST_STEP][PASSED] - openBrowser(URL): Browser is opened with url: 'https://opensource-demo.orangehrmlive.com/index.php/auth/login'

2021-11-09 18:03:38 - [MESSAGE][INFO] - Starting 'Chrome' driver

2021-11-09 18:03:38 - [MESSAGE][INFO] - Action delay is set to 0 milliseconds

2021-11-09 18:03:50 - [MESSAGE][PASSED] - Browser is opened with url: 'https://opensource-demo.orangehrmlive.com/index.php/auth/login'

2021-11-09 18:03:50 - [TEST_STEP][PASSED] - maximizeWindow(): Current window maximized

2021-11-09 18:03:50 - [MESSAGE][PASSED] - Current window maximized

2021-11-09 18:03:50 - [TEST_STEP][PASSED] - setText(findTestObject("OR_3_Manual Mode/Page_OrangeHRM/input_LOGIN Panel_txtUsername"), Username): Text 'Admin' is set on object 'Object Repository/OR_3_Manual Mode/Page_OrangeHRM/input_LOGIN Panel_txtUsername'

2021-11-09 18:03:51 - [MESSAGE][PASSED] - Text 'Admin' is set on object 'Object Repository/OR_3_Manual Mode/Page_OrangeHRM/input_LOGIN Panel_txtUsername'

2021-11-09 18:03:51 - [TEST_STEP][PASSED] - setText(findTestObject("OR_3_Manual Mode/Page_OrangeHRM/input_Username_txtPassword"), Password): Text 'admin123' is set on object 'Object Repository/OR_3_Manual Mode/Page_OrangeHRM/input_Username_txtPassword'

2021-11-09 18:03:52 - [MESSAGE][PASSED] - Text 'admin123' is set on object 'Object Repository/OR_3_Manual Mode/Page_OrangeHRM/input_Username_txtPassword'

2021-11-09 18:03:52 - [TEST_STEP][PASSED] - click(findTestObject("OR_3_Manual Mode/Page_OrangeHRM/input_Password_Submit")): Object: 'Object Repository/OR_3_Manual Mode/Page_OrangeHRM/input_Password_Submit' is clicked on

2021-11-09 18:03:59 - [MESSAGE][PASSED] - Object: 'Object Repository/OR_3_Manual Mode/Page_OrangeHRM/input_Password_Submit' is clicked on

2021-11-09 18:03:59 - [TEST_STEP][PASSED] - verifyElementPresent(findTestObject("OR_3_Manual Mode/Page_OrangeHRM/a_Welcome Paul"), 30): Object 'Object Repository/OR_3_Manual Mode/Page_OrangeHRM/a_Welcome Paul' is present

2021-11-09 18:03:59 - [MESSAGE][PASSED] - Object 'Object Repository/OR_3_Manual Mode/Page_OrangeHRM/a_Welcome Paul' is present

2021-11-09 18:03:59 - [TEST_STEP][PASSED] - click(findTestObject("OR_3_Manual Mode/Page_OrangeHRM/img")): Object: 'Object Repository/OR_3_Manual Mode/Page_OrangeHRM/img' is clicked on

2021-11-09 18:04:01 - [MESSAGE][PASSED] - Object: 'Object Repository/OR_3_Manual Mode/Page_OrangeHRM/img' is clicked on

2021-11-09 18:04:01 - [TEST_STEP][PASSED] - click(findTestObject("OR_3_Manual Mode/Page_OrangeHRM/a_Welcome Paul")): Object: 'Object Repository/OR_3_Manual Mode/Page_OrangeHRM/a_Welcome Paul' is clicked on

2021-11-09 18:04:01 - [MESSAGE][PASSED] - Object: 'Object Repository/OR_3_Manual Mode/Page_OrangeHRM/a_Welcome Paul' is clicked on

2021-11-09 18:04:01 - [TEST_STEP][PASSED] - click(findTestObject("OR_3_Manual Mode/Page_OrangeHRM/a_Logout")): Object: 'Object Repository/OR_3_Manual Mode/Page_OrangeHRM/a_Logout' is clicked on

2021-11-09 18:04:03 - [MESSAGE][PASSED] - Object: 'Object Repository/OR_3_Manual Mode/Page_OrangeHRM/a_Logout' is clicked on

2021-11-09 18:04:03 - [TEST_STEP][PASSED] - closeBrowser(): Browser is closed

2021-11-09 18:04:04 - [MESSAGE][PASSED] - Browser is closed]]></system-out>
         <system-err><![CDATA[]]></system-err>
      </testcase>
      <testcase name="Test Cases/TC_10_Data Driven Testing_Test Suite Level" time="23.562" classname="Test Cases/TC_10_Data Driven Testing_Test Suite Level" status="PASSED">
         <system-out><![CDATA[2021-11-09 18:04:04 - [TEST_CASE][PASSED] - Test Cases/TC_10_Data Driven Testing_Test Suite Level: Test Cases/TC_10_Data Driven Testing_Test Suite Level

2021-11-09 18:04:04 - [TEST_STEP][PASSED] - openBrowser(URL): Browser is opened with url: 'https://opensource-demo.orangehrmlive.com/index.php/auth/login'

2021-11-09 18:04:04 - [MESSAGE][INFO] - Starting 'Chrome' driver

2021-11-09 18:04:04 - [MESSAGE][INFO] - Action delay is set to 0 milliseconds

2021-11-09 18:04:13 - [MESSAGE][PASSED] - Browser is opened with url: 'https://opensource-demo.orangehrmlive.com/index.php/auth/login'

2021-11-09 18:04:13 - [TEST_STEP][PASSED] - maximizeWindow(): Current window maximized

2021-11-09 18:04:13 - [MESSAGE][PASSED] - Current window maximized

2021-11-09 18:04:13 - [TEST_STEP][PASSED] - setText(findTestObject("OR_3_Manual Mode/Page_OrangeHRM/input_LOGIN Panel_txtUsername"), Username): Text 'Admin' is set on object 'Object Repository/OR_3_Manual Mode/Page_OrangeHRM/input_LOGIN Panel_txtUsername'

2021-11-09 18:04:14 - [MESSAGE][PASSED] - Text 'Admin' is set on object 'Object Repository/OR_3_Manual Mode/Page_OrangeHRM/input_LOGIN Panel_txtUsername'

2021-11-09 18:04:14 - [TEST_STEP][PASSED] - setText(findTestObject("OR_3_Manual Mode/Page_OrangeHRM/input_Username_txtPassword"), Password): Text 'admin123' is set on object 'Object Repository/OR_3_Manual Mode/Page_OrangeHRM/input_Username_txtPassword'

2021-11-09 18:04:15 - [MESSAGE][PASSED] - Text 'admin123' is set on object 'Object Repository/OR_3_Manual Mode/Page_OrangeHRM/input_Username_txtPassword'

2021-11-09 18:04:15 - [TEST_STEP][PASSED] - click(findTestObject("OR_3_Manual Mode/Page_OrangeHRM/input_Password_Submit")): Object: 'Object Repository/OR_3_Manual Mode/Page_OrangeHRM/input_Password_Submit' is clicked on

2021-11-09 18:04:22 - [MESSAGE][PASSED] - Object: 'Object Repository/OR_3_Manual Mode/Page_OrangeHRM/input_Password_Submit' is clicked on

2021-11-09 18:04:22 - [TEST_STEP][PASSED] - verifyElementPresent(findTestObject("OR_3_Manual Mode/Page_OrangeHRM/a_Welcome Paul"), 30): Object 'Object Repository/OR_3_Manual Mode/Page_OrangeHRM/a_Welcome Paul' is present

2021-11-09 18:04:23 - [MESSAGE][PASSED] - Object 'Object Repository/OR_3_Manual Mode/Page_OrangeHRM/a_Welcome Paul' is present

2021-11-09 18:04:23 - [TEST_STEP][PASSED] - click(findTestObject("OR_3_Manual Mode/Page_OrangeHRM/img")): Object: 'Object Repository/OR_3_Manual Mode/Page_OrangeHRM/img' is clicked on

2021-11-09 18:04:25 - [MESSAGE][PASSED] - Object: 'Object Repository/OR_3_Manual Mode/Page_OrangeHRM/img' is clicked on

2021-11-09 18:04:25 - [TEST_STEP][PASSED] - click(findTestObject("OR_3_Manual Mode/Page_OrangeHRM/a_Welcome Paul")): Object: 'Object Repository/OR_3_Manual Mode/Page_OrangeHRM/a_Welcome Paul' is clicked on

2021-11-09 18:04:25 - [MESSAGE][PASSED] - Object: 'Object Repository/OR_3_Manual Mode/Page_OrangeHRM/a_Welcome Paul' is clicked on

2021-11-09 18:04:25 - [TEST_STEP][PASSED] - click(findTestObject("OR_3_Manual Mode/Page_OrangeHRM/a_Logout")): Object: 'Object Repository/OR_3_Manual Mode/Page_OrangeHRM/a_Logout' is clicked on

2021-11-09 18:04:27 - [MESSAGE][PASSED] - Object: 'Object Repository/OR_3_Manual Mode/Page_OrangeHRM/a_Logout' is clicked on

2021-11-09 18:04:27 - [TEST_STEP][PASSED] - closeBrowser(): Browser is closed

2021-11-09 18:04:27 - [MESSAGE][PASSED] - Browser is closed]]></system-out>
         <system-err><![CDATA[]]></system-err>
      </testcase>
      <testcase name="Test Cases/TC_10_Data Driven Testing_Test Suite Level" time="20.053" classname="Test Cases/TC_10_Data Driven Testing_Test Suite Level" status="PASSED">
         <system-out><![CDATA[2021-11-09 18:04:28 - [TEST_CASE][PASSED] - Test Cases/TC_10_Data Driven Testing_Test Suite Level: Test Cases/TC_10_Data Driven Testing_Test Suite Level

2021-11-09 18:04:28 - [TEST_STEP][PASSED] - openBrowser(URL): Browser is opened with url: 'https://opensource-demo.orangehrmlive.com/index.php/auth/login'

2021-11-09 18:04:28 - [MESSAGE][INFO] - Starting 'Chrome' driver

2021-11-09 18:04:28 - [MESSAGE][INFO] - Action delay is set to 0 milliseconds

2021-11-09 18:04:35 - [MESSAGE][PASSED] - Browser is opened with url: 'https://opensource-demo.orangehrmlive.com/index.php/auth/login'

2021-11-09 18:04:35 - [TEST_STEP][PASSED] - maximizeWindow(): Current window maximized

2021-11-09 18:04:36 - [MESSAGE][PASSED] - Current window maximized

2021-11-09 18:04:36 - [TEST_STEP][PASSED] - setText(findTestObject("OR_3_Manual Mode/Page_OrangeHRM/input_LOGIN Panel_txtUsername"), Username): Text 'Admin' is set on object 'Object Repository/OR_3_Manual Mode/Page_OrangeHRM/input_LOGIN Panel_txtUsername'

2021-11-09 18:04:36 - [MESSAGE][PASSED] - Text 'Admin' is set on object 'Object Repository/OR_3_Manual Mode/Page_OrangeHRM/input_LOGIN Panel_txtUsername'

2021-11-09 18:04:36 - [TEST_STEP][PASSED] - setText(findTestObject("OR_3_Manual Mode/Page_OrangeHRM/input_Username_txtPassword"), Password): Text 'admin123' is set on object 'Object Repository/OR_3_Manual Mode/Page_OrangeHRM/input_Username_txtPassword'

2021-11-09 18:04:37 - [MESSAGE][PASSED] - Text 'admin123' is set on object 'Object Repository/OR_3_Manual Mode/Page_OrangeHRM/input_Username_txtPassword'

2021-11-09 18:04:37 - [TEST_STEP][PASSED] - click(findTestObject("OR_3_Manual Mode/Page_OrangeHRM/input_Password_Submit")): Object: 'Object Repository/OR_3_Manual Mode/Page_OrangeHRM/input_Password_Submit' is clicked on

2021-11-09 18:04:43 - [MESSAGE][PASSED] - Object: 'Object Repository/OR_3_Manual Mode/Page_OrangeHRM/input_Password_Submit' is clicked on

2021-11-09 18:04:43 - [TEST_STEP][PASSED] - verifyElementPresent(findTestObject("OR_3_Manual Mode/Page_OrangeHRM/a_Welcome Paul"), 30): Object 'Object Repository/OR_3_Manual Mode/Page_OrangeHRM/a_Welcome Paul' is present

2021-11-09 18:04:43 - [MESSAGE][PASSED] - Object 'Object Repository/OR_3_Manual Mode/Page_OrangeHRM/a_Welcome Paul' is present

2021-11-09 18:04:43 - [TEST_STEP][PASSED] - click(findTestObject("OR_3_Manual Mode/Page_OrangeHRM/img")): Object: 'Object Repository/OR_3_Manual Mode/Page_OrangeHRM/img' is clicked on

2021-11-09 18:04:45 - [MESSAGE][PASSED] - Object: 'Object Repository/OR_3_Manual Mode/Page_OrangeHRM/img' is clicked on

2021-11-09 18:04:45 - [TEST_STEP][PASSED] - click(findTestObject("OR_3_Manual Mode/Page_OrangeHRM/a_Welcome Paul")): Object: 'Object Repository/OR_3_Manual Mode/Page_OrangeHRM/a_Welcome Paul' is clicked on

2021-11-09 18:04:45 - [MESSAGE][PASSED] - Object: 'Object Repository/OR_3_Manual Mode/Page_OrangeHRM/a_Welcome Paul' is clicked on

2021-11-09 18:04:45 - [TEST_STEP][PASSED] - click(findTestObject("OR_3_Manual Mode/Page_OrangeHRM/a_Logout")): Object: 'Object Repository/OR_3_Manual Mode/Page_OrangeHRM/a_Logout' is clicked on

2021-11-09 18:04:47 - [MESSAGE][PASSED] - Object: 'Object Repository/OR_3_Manual Mode/Page_OrangeHRM/a_Logout' is clicked on

2021-11-09 18:04:47 - [TEST_STEP][PASSED] - closeBrowser(): Browser is closed

2021-11-09 18:04:48 - [MESSAGE][PASSED] - Browser is closed]]></system-out>
         <system-err><![CDATA[]]></system-err>
      </testcase>
      <testcase name="Test Cases/TC_10_Data Driven Testing_Test Suite Level" time="20.702" classname="Test Cases/TC_10_Data Driven Testing_Test Suite Level" status="PASSED">
         <system-out><![CDATA[2021-11-09 18:04:48 - [TEST_CASE][PASSED] - Test Cases/TC_10_Data Driven Testing_Test Suite Level: Test Cases/TC_10_Data Driven Testing_Test Suite Level

2021-11-09 18:04:48 - [TEST_STEP][PASSED] - openBrowser(URL): Browser is opened with url: 'https://opensource-demo.orangehrmlive.com/index.php/auth/login'

2021-11-09 18:04:48 - [MESSAGE][INFO] - Starting 'Chrome' driver

2021-11-09 18:04:48 - [MESSAGE][INFO] - Action delay is set to 0 milliseconds

2021-11-09 18:04:56 - [MESSAGE][PASSED] - Browser is opened with url: 'https://opensource-demo.orangehrmlive.com/index.php/auth/login'

2021-11-09 18:04:56 - [TEST_STEP][PASSED] - maximizeWindow(): Current window maximized

2021-11-09 18:04:56 - [MESSAGE][PASSED] - Current window maximized

2021-11-09 18:04:56 - [TEST_STEP][PASSED] - setText(findTestObject("OR_3_Manual Mode/Page_OrangeHRM/input_LOGIN Panel_txtUsername"), Username): Text 'Admin' is set on object 'Object Repository/OR_3_Manual Mode/Page_OrangeHRM/input_LOGIN Panel_txtUsername'

2021-11-09 18:04:57 - [MESSAGE][PASSED] - Text 'Admin' is set on object 'Object Repository/OR_3_Manual Mode/Page_OrangeHRM/input_LOGIN Panel_txtUsername'

2021-11-09 18:04:57 - [TEST_STEP][PASSED] - setText(findTestObject("OR_3_Manual Mode/Page_OrangeHRM/input_Username_txtPassword"), Password): Text 'admin123' is set on object 'Object Repository/OR_3_Manual Mode/Page_OrangeHRM/input_Username_txtPassword'

2021-11-09 18:04:57 - [MESSAGE][PASSED] - Text 'admin123' is set on object 'Object Repository/OR_3_Manual Mode/Page_OrangeHRM/input_Username_txtPassword'

2021-11-09 18:04:57 - [TEST_STEP][PASSED] - click(findTestObject("OR_3_Manual Mode/Page_OrangeHRM/input_Password_Submit")): Object: 'Object Repository/OR_3_Manual Mode/Page_OrangeHRM/input_Password_Submit' is clicked on

2021-11-09 18:05:03 - [MESSAGE][PASSED] - Object: 'Object Repository/OR_3_Manual Mode/Page_OrangeHRM/input_Password_Submit' is clicked on

2021-11-09 18:05:03 - [TEST_STEP][PASSED] - verifyElementPresent(findTestObject("OR_3_Manual Mode/Page_OrangeHRM/a_Welcome Paul"), 30): Object 'Object Repository/OR_3_Manual Mode/Page_OrangeHRM/a_Welcome Paul' is present

2021-11-09 18:05:03 - [MESSAGE][PASSED] - Object 'Object Repository/OR_3_Manual Mode/Page_OrangeHRM/a_Welcome Paul' is present

2021-11-09 18:05:03 - [TEST_STEP][PASSED] - click(findTestObject("OR_3_Manual Mode/Page_OrangeHRM/img")): Object: 'Object Repository/OR_3_Manual Mode/Page_OrangeHRM/img' is clicked on

2021-11-09 18:05:05 - [MESSAGE][PASSED] - Object: 'Object Repository/OR_3_Manual Mode/Page_OrangeHRM/img' is clicked on

2021-11-09 18:05:05 - [TEST_STEP][PASSED] - click(findTestObject("OR_3_Manual Mode/Page_OrangeHRM/a_Welcome Paul")): Object: 'Object Repository/OR_3_Manual Mode/Page_OrangeHRM/a_Welcome Paul' is clicked on

2021-11-09 18:05:06 - [MESSAGE][PASSED] - Object: 'Object Repository/OR_3_Manual Mode/Page_OrangeHRM/a_Welcome Paul' is clicked on

2021-11-09 18:05:06 - [TEST_STEP][PASSED] - click(findTestObject("OR_3_Manual Mode/Page_OrangeHRM/a_Logout")): Object: 'Object Repository/OR_3_Manual Mode/Page_OrangeHRM/a_Logout' is clicked on

2021-11-09 18:05:07 - [MESSAGE][PASSED] - Object: 'Object Repository/OR_3_Manual Mode/Page_OrangeHRM/a_Logout' is clicked on

2021-11-09 18:05:07 - [TEST_STEP][PASSED] - closeBrowser(): Browser is closed

2021-11-09 18:05:08 - [MESSAGE][PASSED] - Browser is closed]]></system-out>
         <system-err><![CDATA[]]></system-err>
      </testcase>
      <testcase name="Test Cases/TC_10_Data Driven Testing_Test Suite Level" time="21.131" classname="Test Cases/TC_10_Data Driven Testing_Test Suite Level" status="PASSED">
         <system-out><![CDATA[2021-11-09 18:05:08 - [TEST_CASE][PASSED] - Test Cases/TC_10_Data Driven Testing_Test Suite Level: Test Cases/TC_10_Data Driven Testing_Test Suite Level

2021-11-09 18:05:08 - [TEST_STEP][PASSED] - openBrowser(URL): Browser is opened with url: 'https://opensource-demo.orangehrmlive.com/index.php/auth/login'

2021-11-09 18:05:08 - [MESSAGE][INFO] - Starting 'Chrome' driver

2021-11-09 18:05:08 - [MESSAGE][INFO] - Action delay is set to 0 milliseconds

2021-11-09 18:05:16 - [MESSAGE][PASSED] - Browser is opened with url: 'https://opensource-demo.orangehrmlive.com/index.php/auth/login'

2021-11-09 18:05:16 - [TEST_STEP][PASSED] - maximizeWindow(): Current window maximized

2021-11-09 18:05:17 - [MESSAGE][PASSED] - Current window maximized

2021-11-09 18:05:17 - [TEST_STEP][PASSED] - setText(findTestObject("OR_3_Manual Mode/Page_OrangeHRM/input_LOGIN Panel_txtUsername"), Username): Text 'Admin' is set on object 'Object Repository/OR_3_Manual Mode/Page_OrangeHRM/input_LOGIN Panel_txtUsername'

2021-11-09 18:05:17 - [MESSAGE][PASSED] - Text 'Admin' is set on object 'Object Repository/OR_3_Manual Mode/Page_OrangeHRM/input_LOGIN Panel_txtUsername'

2021-11-09 18:05:17 - [TEST_STEP][PASSED] - setText(findTestObject("OR_3_Manual Mode/Page_OrangeHRM/input_Username_txtPassword"), Password): Text 'admin123' is set on object 'Object Repository/OR_3_Manual Mode/Page_OrangeHRM/input_Username_txtPassword'

2021-11-09 18:05:18 - [MESSAGE][PASSED] - Text 'admin123' is set on object 'Object Repository/OR_3_Manual Mode/Page_OrangeHRM/input_Username_txtPassword'

2021-11-09 18:05:18 - [TEST_STEP][PASSED] - click(findTestObject("OR_3_Manual Mode/Page_OrangeHRM/input_Password_Submit")): Object: 'Object Repository/OR_3_Manual Mode/Page_OrangeHRM/input_Password_Submit' is clicked on

2021-11-09 18:05:24 - [MESSAGE][PASSED] - Object: 'Object Repository/OR_3_Manual Mode/Page_OrangeHRM/input_Password_Submit' is clicked on

2021-11-09 18:05:24 - [TEST_STEP][PASSED] - verifyElementPresent(findTestObject("OR_3_Manual Mode/Page_OrangeHRM/a_Welcome Paul"), 30): Object 'Object Repository/OR_3_Manual Mode/Page_OrangeHRM/a_Welcome Paul' is present

2021-11-09 18:05:25 - [MESSAGE][PASSED] - Object 'Object Repository/OR_3_Manual Mode/Page_OrangeHRM/a_Welcome Paul' is present

2021-11-09 18:05:25 - [TEST_STEP][PASSED] - click(findTestObject("OR_3_Manual Mode/Page_OrangeHRM/img")): Object: 'Object Repository/OR_3_Manual Mode/Page_OrangeHRM/img' is clicked on

2021-11-09 18:05:26 - [MESSAGE][PASSED] - Object: 'Object Repository/OR_3_Manual Mode/Page_OrangeHRM/img' is clicked on

2021-11-09 18:05:26 - [TEST_STEP][PASSED] - click(findTestObject("OR_3_Manual Mode/Page_OrangeHRM/a_Welcome Paul")): Object: 'Object Repository/OR_3_Manual Mode/Page_OrangeHRM/a_Welcome Paul' is clicked on

2021-11-09 18:05:27 - [MESSAGE][PASSED] - Object: 'Object Repository/OR_3_Manual Mode/Page_OrangeHRM/a_Welcome Paul' is clicked on

2021-11-09 18:05:27 - [TEST_STEP][PASSED] - click(findTestObject("OR_3_Manual Mode/Page_OrangeHRM/a_Logout")): Object: 'Object Repository/OR_3_Manual Mode/Page_OrangeHRM/a_Logout' is clicked on

2021-11-09 18:05:29 - [MESSAGE][PASSED] - Object: 'Object Repository/OR_3_Manual Mode/Page_OrangeHRM/a_Logout' is clicked on

2021-11-09 18:05:29 - [TEST_STEP][PASSED] - closeBrowser(): Browser is closed

2021-11-09 18:05:29 - [MESSAGE][PASSED] - Browser is closed]]></system-out>
         <system-err><![CDATA[]]></system-err>
      </testcase>
      <system-out><![CDATA[2021-11-09 18:03:36 - [TEST_SUITE][PASSED] - TS_5_Data Driven Testing_Test Suite Level: Test Cases/TC_10_Data Driven Testing_Test Suite Level]]></system-out>
      <system-err><![CDATA[]]></system-err>
   </testsuite>
</testsuites>
