<?xml version="1.0" encoding="UTF-8"?>
<testsuites name="TS_2_First Test Suite_Firefox" time="225.674" tests="3" failures="0" errors="0">
   <testsuite name="TS_2_First Test Suite_Firefox" tests="3" failures="0" errors="0" time="225.674" skipped="0" timestamp="2021-11-03 19:19:04" hostname="BADHAN - BADHAN-PC" id="Test Suites/TS_2_First Test Suite_Firefox">
      <properties>
         <property name="deviceName" value=""/>
         <property name="devicePlatform" value=""/>
         <property name="logFolder" value="C:\\Users\\BADHAN\\Katalon Studio\\FirstProject\\Reports\\20211103_191818\\TS_2_First Test Suite_Firefox\\20211103_191824"/>
         <property name="logFiles" value="C:\\Users\\BADHAN\\Katalon Studio\\FirstProject\\Reports\\20211103_191818\\TS_2_First Test Suite_Firefox\\20211103_191824\\execution0.log"/>
         <property name="attachments" value=""/>
         <property name="hostName" value="BADHAN - BADHAN-PC"/>
         <property name="os" value="Windows 10 64bit"/>
         <property name="katalonVersion" value="8.1.0.208"/>
         <property name="browser" value="Firefox 93.0"/>
         <property name="hostAddress" value="192.168.0.101"/>
         <property name="sessionId" value="e47d08e8-1511-4eee-a584-4ae0fcca6f75"/>
         <property name="seleniumVersion" value="3.141.59"/>
         <property name="proxyInformation" value="ProxyInformation { proxyOption=NO_PROXY, proxyServerType=HTTP, username=, password=********, proxyServerAddress=, proxyServerPort=0, executionList=&quot;&quot;, isApplyToDesiredCapabilities=true }"/>
         <property name="platform" value="Windows 10"/>
      </properties>
      <testcase name="Test Cases/TC_1_Facebook Login" time="65.995" classname="Test Cases/TC_1_Facebook Login" status="PASSED">
         <system-out><![CDATA[2021-11-03 19:19:05 - [TEST_CASE][PASSED] - Test Cases/TC_1_Facebook Login: Test Cases/TC_1_Facebook Login

2021-11-03 19:19:06 - [TEST_STEP][PASSED] - openBrowser(""): Browser is opened with url: ''

2021-11-03 19:19:07 - [MESSAGE][INFO] - Starting 'Firefox' driver

2021-11-03 19:19:08 - [MESSAGE][INFO] - Action delay is set to 0 milliseconds

2021-11-03 19:19:23 - [MESSAGE][PASSED] - Browser is opened with url: ''

2021-11-03 19:19:23 - [TEST_STEP][PASSED] - navigateToUrl("https://www.facebook.com/"): Navigate to 'https://www.facebook.com/' successfully

2021-11-03 19:19:29 - [MESSAGE][PASSED] - Navigate to 'https://www.facebook.com/' successfully

2021-11-03 19:19:29 - [TEST_STEP][PASSED] - setText(findTestObject("OR_1_Facebook Login/Page_Facebook  log in or sign up/input_Facebook helps you connect and share _ccef60"), "invalidemial646364@gmail.com"): Text 'invalidemial646364@gmail.com' is set on object 'Object Repository/OR_1_Facebook Login/Page_Facebook  log in or sign up/input_Facebook helps you connect and share _ccef60'

2021-11-03 19:19:30 - [MESSAGE][PASSED] - Text 'invalidemial646364@gmail.com' is set on object 'Object Repository/OR_1_Facebook Login/Page_Facebook  log in or sign up/input_Facebook helps you connect and share _ccef60'

2021-11-03 19:19:30 - [TEST_STEP][PASSED] - setEncryptedText(findTestObject("OR_1_Facebook Login/Page_Facebook  log in or sign up/input_Facebook helps you connect and share _ab63fc"), "zPdkBIu2yzwV12AJZZyKxEFzqBOBfWMG"): Text ****** has been set on object 'Object Repository/OR_1_Facebook Login/Page_Facebook  log in or sign up/input_Facebook helps you connect and share _ab63fc'

2021-11-03 19:19:31 - [MESSAGE][PASSED] - Text ****** has been set on object 'Object Repository/OR_1_Facebook Login/Page_Facebook  log in or sign up/input_Facebook helps you connect and share _ab63fc'

2021-11-03 19:19:31 - [TEST_STEP][PASSED] - click(findTestObject("OR_1_Facebook Login/Page_Facebook  log in or sign up/button_Log In")): Object: 'Object Repository/OR_1_Facebook Login/Page_Facebook  log in or sign up/button_Log In' is clicked on

2021-11-03 19:20:02 - [MESSAGE][INFO] - Unable to find the element located by 'By.xpath: //button[@id='u_0_d_4V']'. Please recheck the objects properties to make sure the desired element is located. 

2021-11-03 19:20:02 - [MESSAGE][WARNING] - [SELF-HEALING] Failed to find element with id 'Object Repository/OR_1_Facebook Login/Page_Facebook  log in or sign up/button_Log In'. Try using Self-healing.

2021-11-03 19:20:03 - [MESSAGE][WARNING] - [SELF-HEALING] The current locator of test object 'Object Repository/OR_1_Facebook Login/Page_Facebook  log in or sign up/button_Log In' was broken. Propose an alternative one: '(.//*[normalize-space(text()) and normalize-space(.)='Facebook helps you connect and share with the people in your life.'])[1]/following::button[1]'.

2021-11-03 19:20:06 - [MESSAGE][PASSED] - Object: 'Object Repository/OR_1_Facebook Login/Page_Facebook  log in or sign up/button_Log In' is clicked on

2021-11-03 19:20:06 - [TEST_STEP][PASSED] - verifyElementPresent(findTestObject("OR_1_Facebook Login/Page_Log in to Facebook/div_The email address you entered isnt conn_71e5d3"), 400): Object 'Object Repository/OR_1_Facebook Login/Page_Log in to Facebook/div_The email address you entered isnt conn_71e5d3' is present

2021-11-03 19:20:07 - [MESSAGE][PASSED] - Object 'Object Repository/OR_1_Facebook Login/Page_Log in to Facebook/div_The email address you entered isnt conn_71e5d3' is present

2021-11-03 19:20:07 - [TEST_STEP][PASSED] - closeBrowser(): Browser is closed

2021-11-03 19:20:11 - [MESSAGE][PASSED] - Browser is closed]]></system-out>
         <system-err><![CDATA[]]></system-err>
      </testcase>
      <testcase name="Test Cases/TC_2_PIC Portal Login" time="25.942" classname="Test Cases/TC_2_PIC Portal Login" status="PASSED">
         <system-out><![CDATA[2021-11-03 19:20:11 - [TEST_CASE][PASSED] - Test Cases/TC_2_PIC Portal Login: Test Cases/TC_2_PIC Portal Login

2021-11-03 19:20:12 - [TEST_STEP][PASSED] - openBrowser(""): Browser is opened with url: ''

2021-11-03 19:20:12 - [MESSAGE][INFO] - Starting 'Firefox' driver

2021-11-03 19:20:12 - [MESSAGE][INFO] - Action delay is set to 0 milliseconds

2021-11-03 19:20:22 - [MESSAGE][PASSED] - Browser is opened with url: ''

2021-11-03 19:20:22 - [TEST_STEP][PASSED] - navigateToUrl("https://devpic.my-patient.com/Account/Login"): Navigate to 'https://devpic.my-patient.com/Account/Login' successfully

2021-11-03 19:20:28 - [MESSAGE][PASSED] - Navigate to 'https://devpic.my-patient.com/Account/Login' successfully

2021-11-03 19:20:28 - [TEST_STEP][PASSED] - click(findTestObject("OR_2_PIC Portal Login/PICPortalLogin/button_Accept All Cookies")): Object: 'Object Repository/OR_2_PIC Portal Login/PICPortalLogin/button_Accept All Cookies' is clicked on

2021-11-03 19:20:29 - [MESSAGE][PASSED] - Object: 'Object Repository/OR_2_PIC Portal Login/PICPortalLogin/button_Accept All Cookies' is clicked on

2021-11-03 19:20:29 - [TEST_STEP][PASSED] - setText(findTestObject("OR_2_PIC Portal Login/PICPortalLogin/input_Username_Username"), "abcdhsahahshssa"): Text 'abcdhsahahshssa' is set on object 'Object Repository/OR_2_PIC Portal Login/PICPortalLogin/input_Username_Username'

2021-11-03 19:20:30 - [MESSAGE][PASSED] - Text 'abcdhsahahshssa' is set on object 'Object Repository/OR_2_PIC Portal Login/PICPortalLogin/input_Username_Username'

2021-11-03 19:20:30 - [TEST_STEP][PASSED] - setEncryptedText(findTestObject("OR_2_PIC Portal Login/PICPortalLogin/input_Password_Password"), "zfO4vmc9hqfbcPGAzD7hlg=="): Text ****** has been set on object 'Object Repository/OR_2_PIC Portal Login/PICPortalLogin/input_Password_Password'

2021-11-03 19:20:31 - [MESSAGE][PASSED] - Text ****** has been set on object 'Object Repository/OR_2_PIC Portal Login/PICPortalLogin/input_Password_Password'

2021-11-03 19:20:31 - [TEST_STEP][PASSED] - click(findTestObject("OR_2_PIC Portal Login/PICPortalLogin/button_Login")): Object: 'Object Repository/OR_2_PIC Portal Login/PICPortalLogin/button_Login' is clicked on

2021-11-03 19:20:33 - [MESSAGE][PASSED] - Object: 'Object Repository/OR_2_PIC Portal Login/PICPortalLogin/button_Login' is clicked on

2021-11-03 19:20:33 - [TEST_STEP][PASSED] - verifyElementPresent(findTestObject("OR_2_PIC Portal Login/PICPortalLogin/li_Invalid username or password"), 0): Object 'Object Repository/OR_2_PIC Portal Login/PICPortalLogin/li_Invalid username or password' is present

2021-11-03 19:20:33 - [MESSAGE][WARNING] - Timeout '0' is invalid. Using default page load timeout: '30'

2021-11-03 19:20:34 - [MESSAGE][PASSED] - Object 'Object Repository/OR_2_PIC Portal Login/PICPortalLogin/li_Invalid username or password' is present

2021-11-03 19:20:34 - [TEST_STEP][PASSED] - closeBrowser(): Browser is closed

2021-11-03 19:20:37 - [MESSAGE][PASSED] - Browser is closed]]></system-out>
         <system-err><![CDATA[]]></system-err>
      </testcase>
      <testcase name="Test Cases/TC_4_Script Mode" time="128.783" classname="Test Cases/TC_4_Script Mode" status="PASSED">
         <system-out><![CDATA[2021-11-03 19:20:37 - [TEST_CASE][PASSED] - Test Cases/TC_4_Script Mode: Test Cases/TC_4_Script Mode

2021-11-03 19:20:38 - [TEST_STEP][PASSED] - openBrowser("http://lifecharger.org/"): Browser is opened with url: 'http://lifecharger.org/'

2021-11-03 19:20:38 - [MESSAGE][INFO] - Starting 'Firefox' driver

2021-11-03 19:20:38 - [MESSAGE][INFO] - Action delay is set to 0 milliseconds

2021-11-03 19:21:32 - [MESSAGE][PASSED] - Browser is opened with url: 'http://lifecharger.org/'

2021-11-03 19:21:32 - [TEST_STEP][PASSED] - maximizeWindow(): Current window maximized

2021-11-03 19:21:32 - [MESSAGE][PASSED] - Current window maximized

2021-11-03 19:21:32 - [TEST_STEP][PASSED] - click(findTestObject("OR_4_Script Mode/Page_Life Charger   a new beginning/a_Stretch Zone  Why Nobody talks about this")): Object: 'Object Repository/OR_4_Script Mode/Page_Life Charger   a new beginning/a_Stretch Zone  Why Nobody talks about this' is clicked on

2021-11-03 19:21:57 - [MESSAGE][PASSED] - Object: 'Object Repository/OR_4_Script Mode/Page_Life Charger   a new beginning/a_Stretch Zone  Why Nobody talks about this' is clicked on

2021-11-03 19:21:57 - [TEST_STEP][PASSED] - setText(findTestObject("OR_4_Script Mode/Page_Life Charger   a new beginning/input_Search for_s"), "life"): Text 'life' is set on object 'Object Repository/OR_4_Script Mode/Page_Life Charger   a new beginning/input_Search for_s'

2021-11-03 19:21:58 - [MESSAGE][PASSED] - Text 'life' is set on object 'Object Repository/OR_4_Script Mode/Page_Life Charger   a new beginning/input_Search for_s'

2021-11-03 19:21:58 - [TEST_STEP][PASSED] - click(findTestObject("OR_4_Script Mode/Page_Life Charger   a new beginning/button_Search for_search-submit")): Object: 'Object Repository/OR_4_Script Mode/Page_Life Charger   a new beginning/button_Search for_search-submit' is clicked on

2021-11-03 19:22:22 - [MESSAGE][PASSED] - Object: 'Object Repository/OR_4_Script Mode/Page_Life Charger   a new beginning/button_Search for_search-submit' is clicked on

2021-11-03 19:22:22 - [TEST_STEP][PASSED] - click(findTestObject("Object Repository/OR_4_Script Mode/Page_Life Charger   a new beginning/a_Home")): Object: 'Object Repository/OR_4_Script Mode/Page_Life Charger   a new beginning/a_Home' is clicked on

2021-11-03 19:22:43 - [MESSAGE][PASSED] - Object: 'Object Repository/OR_4_Script Mode/Page_Life Charger   a new beginning/a_Home' is clicked on

2021-11-03 19:22:43 - [TEST_STEP][PASSED] - closeBrowser(): Browser is closed

2021-11-03 19:22:45 - [MESSAGE][PASSED] - Browser is closed]]></system-out>
         <system-err><![CDATA[]]></system-err>
      </testcase>
      <system-out><![CDATA[2021-11-03 19:19:04 - [TEST_SUITE][PASSED] - TS_2_First Test Suite_Firefox: Test Cases/TC_4_Script Mode]]></system-out>
      <system-err><![CDATA[]]></system-err>
   </testsuite>
</testsuites>
